#
# A fatal error has been detected by the Java Runtime Environment:
#
#  EXCEPTION_ACCESS_VIOLATION (0xc0000005) at pc=0x00000000030c6183, pid=11516, tid=0x00000000000030fc
#
# JRE version: Java(TM) SE Runtime Environment (8.0_181-b13) (build 1.8.0_181-b13)
# Java VM: Java HotSpot(TM) 64-Bit Server VM (25.181-b13 mixed mode windows-amd64 compressed oops)
# Problematic frame:
# v  ~RuntimeStub::resolve_opt_virtual_call
#
# Failed to write core dump. Minidumps are not enabled by default on client versions of Windows
#
# If you would like to submit a bug report, please visit:
#   http://bugreport.java.com/bugreport/crash.jsp
#

---------------  T H R E A D  ---------------

Current thread (0x000000001be60800):  JavaThread "restartedMain" [_thread_in_Java, id=12540, stack(0x000000001ceb0000,0x000000001cfb0000)]

siginfo: ExceptionCode=0xc0000005, writing address 0x000000000180001a

Registers:
RAX=0x000000000180001a, RBX=0x0000000020ec30d8, RCX=0x000000000000011d, RDX=0x00000000d6beb998
RSP=0x000000001cfac6a8, RBP=0x00000000d6beb998, RSI=0x0000000000000000, RDI=0x0000000000000000
R8 =0x00000000d6beba70, R9 =0x0000000000000000, R10=0x000000000000000a, R11=0x0000000000000002
R12=0x0000000000000000, R13=0x00000000d6be8ca8, R14=0x000000000000011d, R15=0x000000001be60800
RIP=0x00000000030c6183, EFLAGS=0x0000000000010286

Top of Stack: (sp=0x000000001cfac6a8)
0x000000001cfac6a8:   0000000003d9da04 00000000d6b985b0
0x000000001cfac6b8:   0000000003899378 00000000d6b721b0
0x000000001cfac6c8:   00000000d6b721b0 0000000000000007
0x000000001cfac6d8:   00000000d6b721b0 000000001cfacac0
0x000000001cfac6e8:   00000000038a117c 00000000d6bd1e50
0x000000001cfac6f8:   00000000039ff6f0 000000001cfacac0
0x000000001cfac708:   0000000003d9db64 00000000d6beb998
0x000000001cfac718:   0000000003d9d05c 00000000d6bd1d38
0x000000001cfac728:   00000000d6b71c58 000000000000000a
0x000000001cfac738:   00000000d6bebce8 0000000002fa5f20
0x000000001cfac748:   0000000073447cfc 0000000000000001
0x000000001cfac758:   00000000d6b72178 000000006af193b4
0x000000001cfac768:   0000000019a28e90 00000000d6b71c58
0x000000001cfac778:   0000000000000000 00000000d6beb998
0x000000001cfac788:   000017e40000011a 000000bbd6b72178
0x000000001cfac798:   00000000d6bebde8 00000000d6beb998 

Instructions: (pc=0x00000000030c6183)
0x00000000030c6163:   00 48 00 00 00 08 00 00 00 50 00 00 00 50 00 00
0x00000000030c6173:   00 6f 00 00 00 10 02 00 00 58 00 00 00 00 5a 10
0x00000000030c6183:   18 00 00 00 00 00 00 00 00 00 00 00 00 01 00 00
0x00000000030c6193:   00 00 00 00 00 79 64 3c 65 00 00 00 00 55 48 8b 


Register to memory mapping:

RAX=0x000000000180001a is an unknown value
RBX={method} {0x0000000020ec30e0} 'pop' '()I' in 'org/springframework/asm/Frame'
RCX=0x000000000000011d is an unknown value
RDX=0x00000000d6beb998 is an oop
org.springframework.asm.Frame 
 - klass: 'org/springframework/asm/Frame'
RSP=0x000000001cfac6a8 is pointing into the stack for thread: 0x000000001be60800
RBP=0x00000000d6beb998 is an oop
org.springframework.asm.Frame 
 - klass: 'org/springframework/asm/Frame'
RSI=0x0000000000000000 is an unknown value
RDI=0x0000000000000000 is an unknown value
R8 =0x00000000d6beba70 is an oop
[I 
 - klass: {type array int}
 - length: 10
R9 =0x0000000000000000 is an unknown value
R10=0x000000000000000a is an unknown value
R11=0x0000000000000002 is an unknown value
R12=0x0000000000000000 is an unknown value
R13=0x00000000d6be8ca8 is an oop
[B 
 - klass: {type array byte}
 - length: 512
R14=0x000000000000011d is an unknown value
R15=0x000000001be60800 is a thread


Stack: [0x000000001ceb0000,0x000000001cfb0000],  sp=0x000000001cfac6a8,  free space=1009k
Native frames: (J=compiled Java code, j=interpreted, Vv=VM code, C=native code)
C  0x00000000030c6183


---------------  P R O C E S S  ---------------

Java Threads: ( => current thread )
  0x000000001e749800 JavaThread "container-0" [_thread_blocked, id=12248, stack(0x00000000217a0000,0x00000000218a0000)]
  0x000000001e749000 JavaThread "ContainerBackgroundProcessor[StandardEngine[Tomcat]]" daemon [_thread_blocked, id=12564, stack(0x00000000216a0000,0x00000000217a0000)]
  0x0000000020117000 JavaThread "localhost-startStop-1" daemon [_thread_blocked, id=7664, stack(0x00000000215a0000,0x00000000216a0000)]
  0x000000001df6d000 JavaThread "Tomcat-startStop-1" daemon [_thread_blocked, id=1348, stack(0x00000000214a0000,0x00000000215a0000)]
=>0x000000001be60800 JavaThread "restartedMain" [_thread_in_Java, id=12540, stack(0x000000001ceb0000,0x000000001cfb0000)]
  0x000000001bc75000 JavaThread "Thread-0" [_thread_blocked, id=11528, stack(0x000000001cdb0000,0x000000001ceb0000)]
  0x0000000019a67000 JavaThread "Service Thread" daemon [_thread_blocked, id=11396, stack(0x000000001b330000,0x000000001b430000)]
  0x00000000199df800 JavaThread "C1 CompilerThread3" daemon [_thread_blocked, id=10836, stack(0x000000001b230000,0x000000001b330000)]
  0x00000000199df000 JavaThread "C2 CompilerThread2" daemon [_thread_in_native, id=1304, stack(0x000000001b130000,0x000000001b230000)]
  0x00000000199dc000 JavaThread "C2 CompilerThread1" daemon [_thread_in_native, id=11336, stack(0x000000001b030000,0x000000001b130000)]
  0x00000000199d8000 JavaThread "C2 CompilerThread0" daemon [_thread_in_native, id=14212, stack(0x000000001af30000,0x000000001b030000)]
  0x00000000199d6800 JavaThread "Attach Listener" daemon [_thread_blocked, id=7716, stack(0x000000001ae30000,0x000000001af30000)]
  0x000000001997e800 JavaThread "Signal Dispatcher" daemon [_thread_blocked, id=1908, stack(0x000000001ad30000,0x000000001ae30000)]
  0x0000000019963000 JavaThread "Finalizer" daemon [_thread_blocked, id=11876, stack(0x000000001abc0000,0x000000001acc0000)]
  0x000000000307d800 JavaThread "Reference Handler" daemon [_thread_blocked, id=8488, stack(0x000000001aac0000,0x000000001abc0000)]
  0x0000000002f83800 JavaThread "main" [_thread_blocked, id=10868, stack(0x0000000002e80000,0x0000000002f80000)]

Other Threads:
  0x0000000019942800 VMThread [stack: 0x000000001a9c0000,0x000000001aac0000] [id=14036]
  0x0000000019a9d000 WatcherThread [stack: 0x000000001b430000,0x000000001b530000] [id=1992]

VM state:not at safepoint (normal execution)

VM Mutex/Monitor currently owned by a thread: None

Heap:
 PSYoungGen      total 110080K, used 31560K [0x00000000d5980000, 0x00000000e0200000, 0x0000000100000000)
  eden space 97792K, 19% used [0x00000000d5980000,0x00000000d6c54748,0x00000000db900000)
  from space 12288K, 99% used [0x00000000db900000,0x00000000dc4fda60,0x00000000dc500000)
  to   space 15360K, 0% used [0x00000000df300000,0x00000000df300000,0x00000000e0200000)
 ParOldGen       total 60416K, used 10757K [0x0000000080c00000, 0x0000000084700000, 0x00000000d5980000)
  object space 60416K, 17% used [0x0000000080c00000,0x0000000081681468,0x0000000084700000)
 Metaspace       used 33602K, capacity 34050K, committed 34560K, reserved 1079296K
  class space    used 4144K, capacity 4264K, committed 4352K, reserved 1048576K

Card table byte_map: [0x0000000012440000,0x0000000012840000] byte_map_base: 0x000000001203a000

Marking Bits: (ParMarkBitMap*) 0x0000000073bf2d00
 Begin Bits: [0x00000000134f0000, 0x00000000154c0000)
 End Bits:   [0x00000000154c0000, 0x0000000017490000)

Polling page: 0x00000000029f0000

CodeCache: size=245760Kb used=13682Kb max_used=13682Kb free=232077Kb
 bounds [0x0000000003080000, 0x0000000003df0000, 0x0000000012080000]
 total_blobs=3985 nmethods=3560 adapters=338
 compilation: enabled

Compilation events (10 events):
Event: 3.486 Thread 0x00000000199df800 nmethod 3564 0x0000000003db0ed0 code [0x0000000003db1080, 0x0000000003db1468]
Event: 3.487 Thread 0x00000000199df800 3566       3       java.lang.reflect.Field::setFieldAccessor (34 bytes)
Event: 3.487 Thread 0x00000000199df800 nmethod 3566 0x000000000318fe10 code [0x000000000318ff80, 0x0000000003190308]
Event: 3.489 Thread 0x00000000199dc000 nmethod 3548 0x0000000003d970d0 code [0x0000000003d97320, 0x0000000003d97da0]
Event: 3.489 Thread 0x00000000199dc000 3560       4       org.springframework.asm.MethodVisitor::visitMethodInsn (68 bytes)
Event: 3.489 Thread 0x00000000199df000 nmethod 3559 0x0000000003db0590 code [0x0000000003db0720, 0x0000000003db0b18]
Event: 3.492 Thread 0x00000000199df000 3567       4       java.beans.Introspector::addMethod (196 bytes)
Event: 3.496 Thread 0x00000000199df800 3572       1       org.springframework.beans.factory.support.AbstractBeanFactory::getCustomTypeConverter (5 bytes)
Event: 3.496 Thread 0x00000000199df800 nmethod 3572 0x000000000318b710 code [0x000000000318b860, 0x000000000318b970]
Event: 3.496 Thread 0x00000000199df800 3573       3       sun.reflect.ReflectionFactory::newMethodAccessor (79 bytes)

GC Heap History (10 events):
Event: 1.218 GC heap before
{Heap before GC invocations=4 (full 0):
 PSYoungGen      total 38400K, used 17901K [0x00000000d5980000, 0x00000000da480000, 0x0000000100000000)
  eden space 33280K, 38% used [0x00000000d5980000,0x00000000d65fbc20,0x00000000d7a00000)
  from space 5120K, 99% used [0x00000000d7a00000,0x00000000d7eff880,0x00000000d7f00000)
  to   space 5120K, 0% used [0x00000000d9f80000,0x00000000d9f80000,0x00000000da480000)
 ParOldGen       total 87552K, used 7110K [0x0000000080c00000, 0x0000000086180000, 0x00000000d5980000)
  object space 87552K, 8% used [0x0000000080c00000,0x00000000812f1838,0x0000000086180000)
 Metaspace       used 20821K, capacity 21114K, committed 21296K, reserved 1069056K
  class space    used 2502K, capacity 2601K, committed 2688K, reserved 1048576K
Event: 1.223 GC heap after
Heap after GC invocations=4 (full 0):
 PSYoungGen      total 71680K, used 5112K [0x00000000d5980000, 0x00000000da480000, 0x0000000100000000)
  eden space 66560K, 0% used [0x00000000d5980000,0x00000000d5980000,0x00000000d9a80000)
  from space 5120K, 99% used [0x00000000d9f80000,0x00000000da47e010,0x00000000da480000)
  to   space 5120K, 0% used [0x00000000d9a80000,0x00000000d9a80000,0x00000000d9f80000)
 ParOldGen       total 87552K, used 7854K [0x0000000080c00000, 0x0000000086180000, 0x00000000d5980000)
  object space 87552K, 8% used [0x0000000080c00000,0x00000000813ab9e0,0x0000000086180000)
 Metaspace       used 20821K, capacity 21114K, committed 21296K, reserved 1069056K
  class space    used 2502K, capacity 2601K, committed 2688K, reserved 1048576K
}
Event: 1.223 GC heap before
{Heap before GC invocations=5 (full 1):
 PSYoungGen      total 71680K, used 5112K [0x00000000d5980000, 0x00000000da480000, 0x0000000100000000)
  eden space 66560K, 0% used [0x00000000d5980000,0x00000000d5980000,0x00000000d9a80000)
  from space 5120K, 99% used [0x00000000d9f80000,0x00000000da47e010,0x00000000da480000)
  to   space 5120K, 0% used [0x00000000d9a80000,0x00000000d9a80000,0x00000000d9f80000)
 ParOldGen       total 87552K, used 7854K [0x0000000080c00000, 0x0000000086180000, 0x00000000d5980000)
  object space 87552K, 8% used [0x0000000080c00000,0x00000000813ab9e0,0x0000000086180000)
 Metaspace       used 20821K, capacity 21114K, committed 21296K, reserved 1069056K
  class space    used 2502K, capacity 2601K, committed 2688K, reserved 1048576K
Event: 1.251 GC heap after
Heap after GC invocations=5 (full 1):
 PSYoungGen      total 71680K, used 0K [0x00000000d5980000, 0x00000000da480000, 0x0000000100000000)
  eden space 66560K, 0% used [0x00000000d5980000,0x00000000d5980000,0x00000000d9a80000)
  from space 5120K, 0% used [0x00000000d9f80000,0x00000000d9f80000,0x00000000da480000)
  to   space 5120K, 0% used [0x00000000d9a80000,0x00000000d9a80000,0x00000000d9f80000)
 ParOldGen       total 60416K, used 6839K [0x0000000080c00000, 0x0000000084700000, 0x00000000d5980000)
  object space 60416K, 11% used [0x0000000080c00000,0x00000000812addc0,0x0000000084700000)
 Metaspace       used 20821K, capacity 21114K, committed 21296K, reserved 1069056K
  class space    used 2502K, capacity 2601K, committed 2688K, reserved 1048576K
}
Event: 1.869 GC heap before
{Heap before GC invocations=6 (full 1):
 PSYoungGen      total 71680K, used 66560K [0x00000000d5980000, 0x00000000da480000, 0x0000000100000000)
  eden space 66560K, 100% used [0x00000000d5980000,0x00000000d9a80000,0x00000000d9a80000)
  from space 5120K, 0% used [0x00000000d9f80000,0x00000000d9f80000,0x00000000da480000)
  to   space 5120K, 0% used [0x00000000d9a80000,0x00000000d9a80000,0x00000000d9f80000)
 ParOldGen       total 60416K, used 6839K [0x0000000080c00000, 0x0000000084700000, 0x00000000d5980000)
  object space 60416K, 11% used [0x0000000080c00000,0x00000000812addc0,0x0000000084700000)
 Metaspace       used 23129K, capacity 23542K, committed 23680K, reserved 1071104K
  class space    used 2814K, capacity 2934K, committed 2944K, reserved 1048576K
Event: 1.874 GC heap after
Heap after GC invocations=6 (full 1):
 PSYoungGen      total 71680K, used 4523K [0x00000000d5980000, 0x00000000dcf00000, 0x0000000100000000)
  eden space 66560K, 0% used [0x00000000d5980000,0x00000000d5980000,0x00000000d9a80000)
  from space 5120K, 88% used [0x00000000d9a80000,0x00000000d9eeada8,0x00000000d9f80000)
  to   space 10240K, 0% used [0x00000000dc500000,0x00000000dc500000,0x00000000dcf00000)
 ParOldGen       total 60416K, used 6847K [0x0000000080c00000, 0x0000000084700000, 0x00000000d5980000)
  object space 60416K, 11% used [0x0000000080c00000,0x00000000812afdc0,0x0000000084700000)
 Metaspace       used 23129K, capacity 23542K, committed 23680K, reserved 1071104K
  class space    used 2814K, capacity 2934K, committed 2944K, reserved 1048576K
}
Event: 2.611 GC heap before
{Heap before GC invocations=7 (full 1):
 PSYoungGen      total 71680K, used 71083K [0x00000000d5980000, 0x00000000dcf00000, 0x0000000100000000)
  eden space 66560K, 100% used [0x00000000d5980000,0x00000000d9a80000,0x00000000d9a80000)
  from space 5120K, 88% used [0x00000000d9a80000,0x00000000d9eeada8,0x00000000d9f80000)
  to   space 10240K, 0% used [0x00000000dc500000,0x00000000dc500000,0x00000000dcf00000)
 ParOldGen       total 60416K, used 6847K [0x0000000080c00000, 0x0000000084700000, 0x00000000d5980000)
  object space 60416K, 11% used [0x0000000080c00000,0x00000000812afdc0,0x0000000084700000)
 Metaspace       used 28089K, capacity 28480K, committed 28672K, reserved 1075200K
  class space    used 3439K, capacity 3549K, committed 3584K, reserved 1048576K
Event: 2.619 GC heap after
Heap after GC invocations=7 (full 1):
 PSYoungGen      total 108032K, used 10236K [0x00000000d5980000, 0x00000000dd100000, 0x0000000100000000)
  eden space 97792K, 0% used [0x00000000d5980000,0x00000000d5980000,0x00000000db900000)
  from space 10240K, 99% used [0x00000000dc500000,0x00000000dceff2f0,0x00000000dcf00000)
  to   space 12288K, 0% used [0x00000000db900000,0x00000000db900000,0x00000000dc500000)
 ParOldGen       total 60416K, used 7761K [0x0000000080c00000, 0x0000000084700000, 0x00000000d5980000)
  object space 60416K, 12% used [0x0000000080c00000,0x0000000081394788,0x0000000084700000)
 Metaspace       used 28089K, capacity 28480K, committed 28672K, reserved 1075200K
  class space    used 3439K, capacity 3549K, committed 3584K, reserved 1048576K
}
Event: 3.374 GC heap before
{Heap before GC invocations=8 (full 1):
 PSYoungGen      total 108032K, used 108028K [0x00000000d5980000, 0x00000000dd100000, 0x0000000100000000)
  eden space 97792K, 100% used [0x00000000d5980000,0x00000000db900000,0x00000000db900000)
  from space 10240K, 99% used [0x00000000dc500000,0x00000000dceff2f0,0x00000000dcf00000)
  to   space 12288K, 0% used [0x00000000db900000,0x00000000db900000,0x00000000dc500000)
 ParOldGen       total 60416K, used 7761K [0x0000000080c00000, 0x0000000084700000, 0x00000000d5980000)
  object space 60416K, 12% used [0x0000000080c00000,0x0000000081394788,0x0000000084700000)
 Metaspace       used 33172K, capacity 33598K, committed 34048K, reserved 1079296K
  class space    used 4088K, capacity 4226K, committed 4352K, reserved 1048576K
Event: 3.386 GC heap after
Heap after GC invocations=8 (full 1):
 PSYoungGen      total 110080K, used 12278K [0x00000000d5980000, 0x00000000e0200000, 0x0000000100000000)
  eden space 97792K, 0% used [0x00000000d5980000,0x00000000d5980000,0x00000000db900000)
  from space 12288K, 99% used [0x00000000db900000,0x00000000dc4fda60,0x00000000dc500000)
  to   space 15360K, 0% used [0x00000000df300000,0x00000000df300000,0x00000000e0200000)
 ParOldGen       total 60416K, used 10757K [0x0000000080c00000, 0x0000000084700000, 0x00000000d5980000)
  object space 60416K, 17% used [0x0000000080c00000,0x0000000081681468,0x0000000084700000)
 Metaspace       used 33172K, capacity 33598K, committed 34048K, reserved 1079296K
  class space    used 4088K, capacity 4226K, committed 4352K, reserved 1048576K
}

Deoptimization events (10 events):
Event: 3.126 Thread 0x000000001be60800 Uncommon trap: reason=unstable_if action=reinterpret pc=0x0000000003aed73c method=com.sun.org.apache.xerces.internal.impl.XMLEntityScanner.skipSpaces()Z @ 72
Event: 3.127 Thread 0x000000001be60800 Uncommon trap: reason=unstable_if action=reinterpret pc=0x00000000034d37c4 method=com.sun.org.apache.xerces.internal.util.SymbolTable.addSymbol([CII)Ljava/lang/String; @ 64
Event: 3.294 Thread 0x000000001be60800 Uncommon trap: reason=unstable_if action=reinterpret pc=0x0000000003baf724 method=java.util.concurrent.ConcurrentHashMap.putVal(Ljava/lang/Object;Ljava/lang/Object;Z)Ljava/lang/Object; @ 331
Event: 3.295 Thread 0x000000001be60800 Uncommon trap: reason=unstable_if action=reinterpret pc=0x0000000003c15b20 method=java.util.concurrent.ConcurrentHashMap.get(Ljava/lang/Object;)Ljava/lang/Object; @ 86
Event: 3.305 Thread 0x000000001be60800 Uncommon trap: reason=null_check action=make_not_entrant pc=0x0000000003a3b2ec method=org.springframework.util.ClassUtils.isAssignable(Ljava/lang/Class;Ljava/lang/Class;)Z @ 14
Event: 3.356 Thread 0x000000001be60800 Uncommon trap: reason=unstable_if action=reinterpret pc=0x0000000003cd65a8 method=org.springframework.core.ResolvableType.getInterfaces()[Lorg/springframework/core/ResolvableType; @ 27
Event: 3.395 Thread 0x000000001be60800 Uncommon trap: reason=unstable_if action=reinterpret pc=0x000000000390c1e8 method=java.util.concurrent.ConcurrentHashMap.transfer([Ljava/util/concurrent/ConcurrentHashMap$Node;[Ljava/util/concurrent/ConcurrentHashMap$Node;)V @ 356
Event: 3.478 Thread 0x000000001be60800 Uncommon trap: reason=unstable_if action=reinterpret pc=0x0000000003b899ac method=org.springframework.asm.Frame.merge(Lorg/springframework/asm/ClassWriter;I[II)Z @ 80
Event: 3.478 Thread 0x000000001be60800 Uncommon trap: reason=unstable_if action=reinterpret pc=0x00000000039080e4 method=org.springframework.asm.Frame.merge(Lorg/springframework/asm/ClassWriter;I[II)Z @ 80
Event: 3.480 Thread 0x000000001be60800 Uncommon trap: reason=range_check action=make_not_entrant pc=0x0000000003bf721c method=java.lang.String.charAt(I)C @ 27

Classes redefined (0 events):
No events

Internal exceptions (10 events):
Event: 3.461 Thread 0x000000001be60800 Exception <a 'java/lang/ClassNotFoundException': org/springframework/boot/autoconfigure/web/WebMvcAutoConfiguration$EnableWebMvcConfiguration$$EnhancerBySpringCGLIB$$fd3bd7a5Customizer> (0x00000000d6797658) thrown at [C:\re\workspace\8-2-build-windows-amd
Event: 3.462 Thread 0x000000001be60800 Exception <a 'java/lang/ClassNotFoundException': org/springframework/context/annotation/ConfigurationClassEnhancer$EnhancedConfigurationCustomizer> (0x00000000d67ce020) thrown at [C:\re\workspace\8-2-build-windows-amd64-cygwin\jdk8u181\11358\hotspot\src\s
Event: 3.462 Thread 0x000000001be60800 Exception <a 'java/lang/ClassNotFoundException': org/springframework/context/ApplicationContextAwareCustomizer> (0x00000000d67deff0) thrown at [C:\re\workspace\8-2-build-windows-amd64-cygwin\jdk8u181\11358\hotspot\src\share\vm\classfile\systemDictionary.c
Event: 3.463 Thread 0x000000001be60800 Exception <a 'java/lang/ClassNotFoundException': org/springframework/web/context/ServletContextAwareCustomizer> (0x00000000d67f14a0) thrown at [C:\re\workspace\8-2-build-windows-amd64-cygwin\jdk8u181\11358\hotspot\src\share\vm\classfile\systemDictionary.c
Event: 3.490 Thread 0x000000001be60800 Exception <a 'java/lang/ClassNotFoundException': java/lang/ObjectCustomizer> (0x00000000d6a1afa8) thrown at [C:\re\workspace\8-2-build-windows-amd64-cygwin\jdk8u181\11358\hotspot\src\share\vm\classfile\systemDictionary.cpp, line 210]
Event: 3.491 Thread 0x000000001be60800 Exception <a 'java/lang/ClassNotFoundException': org/springframework/web/servlet/config/annotation/WebMvcConfigurerAdapterCustomizer> (0x00000000d6a33848) thrown at [C:\re\workspace\8-2-build-windows-amd64-cygwin\jdk8u181\11358\hotspot\src\share\vm\classf
Event: 3.492 Thread 0x000000001be60800 Exception <a 'java/lang/ClassNotFoundException': org/springframework/boot/autoconfigure/web/WebMvcAutoConfiguration$WebMvcAutoConfigurationAdapterCustomizer> (0x00000000d6a6d198) thrown at [C:\re\workspace\8-2-build-windows-amd64-cygwin\jdk8u181\11358\hot
Event: 3.492 Thread 0x000000001be60800 Exception <a 'java/lang/ClassNotFoundException': org/springframework/boot/autoconfigure/web/WebMvcAutoConfiguration$WebMvcAutoConfigurationAdapter$$EnhancerBySpringCGLIB$$91118d18Customizer> (0x00000000d6a9b638) thrown at [C:\re\workspace\8-2-build-window
Event: 3.493 Thread 0x000000001be60800 Exception <a 'java/lang/ClassNotFoundException': org/springframework/context/annotation/ConfigurationClassEnhancer$EnhancedConfigurationCustomizer> (0x00000000d6ac4888) thrown at [C:\re\workspace\8-2-build-windows-amd64-cygwin\jdk8u181\11358\hotspot\src\s
Event: 3.493 Thread 0x000000001be60800 Exception <a 'java/lang/ClassNotFoundException': org/springframework/web/servlet/config/annotation/WebMvcConfigurerCustomizer> (0x00000000d6ad82d0) thrown at [C:\re\workspace\8-2-build-windows-amd64-cygwin\jdk8u181\11358\hotspot\src\share\vm\classfile\sys

Events (10 events):
Event: 3.493 loading class org/springframework/context/annotation/ConfigurationClassEnhancer$EnhancedConfigurationCustomizer
Event: 3.493 loading class org/springframework/context/annotation/ConfigurationClassEnhancer$EnhancedConfigurationCustomizer done
Event: 3.493 loading class org/springframework/context/annotation/ConfigurationClassEnhancer$EnhancedConfigurationCustomizer
Event: 3.493 loading class org/springframework/context/annotation/ConfigurationClassEnhancer$EnhancedConfigurationCustomizer done
Event: 3.493 loading class org/springframework/web/servlet/config/annotation/WebMvcConfigurerCustomizer
Event: 3.493 loading class org/springframework/web/servlet/config/annotation/WebMvcConfigurerCustomizer done
Event: 3.493 loading class org/springframework/web/servlet/config/annotation/WebMvcConfigurerCustomizer
Event: 3.493 loading class org/springframework/web/servlet/config/annotation/WebMvcConfigurerCustomizer done
Event: 3.493 loading class org/springframework/web/servlet/config/annotation/WebMvcConfigurerCustomizer
Event: 3.493 loading class org/springframework/web/servlet/config/annotation/WebMvcConfigurerCustomizer done


Dynamic libraries:
0x00007ff6a3b50000 - 0x00007ff6a3b87000 	D:\java\jdk\bin\javaw.exe
0x00007ff86f990000 - 0x00007ff86fb71000 	C:\WINDOWS\SYSTEM32\ntdll.dll
0x00007ff86f450000 - 0x00007ff86f502000 	C:\WINDOWS\System32\KERNEL32.DLL
0x00007ff86cba0000 - 0x00007ff86ce13000 	C:\WINDOWS\System32\KERNELBASE.dll
0x00007ff86f510000 - 0x00007ff86f5b1000 	C:\WINDOWS\System32\ADVAPI32.dll
0x00007ff86f3b0000 - 0x00007ff86f44e000 	C:\WINDOWS\System32\msvcrt.dll
0x00007ff86dc00000 - 0x00007ff86dc5b000 	C:\WINDOWS\System32\sechost.dll
0x00007ff86d540000 - 0x00007ff86d664000 	C:\WINDOWS\System32\RPCRT4.dll
0x00007ff86d7f0000 - 0x00007ff86d980000 	C:\WINDOWS\System32\USER32.dll
0x00007ff86bd60000 - 0x00007ff86bd80000 	C:\WINDOWS\System32\win32u.dll
0x00007ff86f2a0000 - 0x00007ff86f2c8000 	C:\WINDOWS\System32\GDI32.dll
0x00007ff86c8d0000 - 0x00007ff86ca62000 	C:\WINDOWS\System32\gdi32full.dll
0x00007ff86c830000 - 0x00007ff86c8cf000 	C:\WINDOWS\System32\msvcp_win.dll
0x00007ff86c6e0000 - 0x00007ff86c7da000 	C:\WINDOWS\System32\ucrtbase.dll
0x00007ff864c70000 - 0x00007ff864ed9000 	C:\WINDOWS\WinSxS\amd64_microsoft.windows.common-controls_6595b64144ccf1df_6.0.17134.523_none_fb409dd930672a56\COMCTL32.dll
0x00007ff86f630000 - 0x00007ff86f952000 	C:\WINDOWS\System32\combase.dll
0x00007ff86ca70000 - 0x00007ff86caea000 	C:\WINDOWS\System32\bcryptPrimitives.dll
0x00007ff86dbd0000 - 0x00007ff86dbfd000 	C:\WINDOWS\System32\IMM32.DLL
0x0000000072e10000 - 0x0000000072ee2000 	D:\java\jdk\jre\bin\msvcr100.dll
0x00000000733d0000 - 0x0000000073c72000 	D:\java\jdk\jre\bin\server\jvm.dll
0x00007ff86d030000 - 0x00007ff86d038000 	C:\WINDOWS\System32\PSAPI.DLL
0x00007ff859ff0000 - 0x00007ff859ff9000 	C:\WINDOWS\SYSTEM32\WSOCK32.dll
0x00007ff86cf10000 - 0x00007ff86cf7c000 	C:\WINDOWS\System32\WS2_32.dll
0x00007ff86b3a0000 - 0x00007ff86b3aa000 	C:\WINDOWS\SYSTEM32\VERSION.dll
0x00007ff869680000 - 0x00007ff8696a3000 	C:\WINDOWS\SYSTEM32\WINMM.dll
0x00007ff869650000 - 0x00007ff86967a000 	C:\WINDOWS\SYSTEM32\WINMMBASE.dll
0x00007ff86c7e0000 - 0x00007ff86c829000 	C:\WINDOWS\System32\cfgmgr32.dll
0x00000000733c0000 - 0x00000000733cf000 	D:\java\jdk\jre\bin\verify.dll
0x0000000073390000 - 0x00000000733b9000 	D:\java\jdk\jre\bin\java.dll
0x0000000073370000 - 0x0000000073386000 	D:\java\jdk\jre\bin\zip.dll
0x00007ff86de60000 - 0x00007ff86f2a0000 	C:\WINDOWS\System32\SHELL32.dll
0x00007ff86cf80000 - 0x00007ff86d029000 	C:\WINDOWS\System32\shcore.dll
0x00007ff86bd80000 - 0x00007ff86c48d000 	C:\WINDOWS\System32\windows.storage.dll
0x00007ff86dc60000 - 0x00007ff86dcb1000 	C:\WINDOWS\System32\shlwapi.dll
0x00007ff86bd40000 - 0x00007ff86bd51000 	C:\WINDOWS\System32\kernel.appcore.dll
0x00007ff86bca0000 - 0x00007ff86bcbf000 	C:\WINDOWS\System32\profapi.dll
0x00007ff86bcc0000 - 0x00007ff86bd0c000 	C:\WINDOWS\System32\powrprof.dll
0x00007ff86bd30000 - 0x00007ff86bd3a000 	C:\WINDOWS\System32\FLTLIB.DLL
0x00000000732e0000 - 0x00000000732ed000 	D:\java\jdk\jre\bin\management.dll
0x0000000073350000 - 0x000000007336a000 	D:\java\jdk\jre\bin\net.dll
0x00007ff86b090000 - 0x00007ff86b0f6000 	C:\WINDOWS\system32\mswsock.dll
0x00007ff8543b0000 - 0x00007ff8543c6000 	C:\WINDOWS\system32\napinsp.dll
0x00007ff854390000 - 0x00007ff8543aa000 	C:\WINDOWS\system32\pnrpnsp.dll
0x00007ff868290000 - 0x00007ff8682a9000 	C:\WINDOWS\system32\NLAapi.dll
0x00007ff86ae60000 - 0x00007ff86af1e000 	C:\WINDOWS\SYSTEM32\DNSAPI.dll
0x00007ff86f620000 - 0x00007ff86f628000 	C:\WINDOWS\System32\NSI.dll
0x00007ff86ae20000 - 0x00007ff86ae58000 	C:\WINDOWS\SYSTEM32\IPHLPAPI.DLL
0x00007ff854380000 - 0x00007ff85438e000 	C:\WINDOWS\System32\winrnr.dll
0x0000000074110000 - 0x0000000074136000 	C:\Program Files\Bonjour\mdnsNSP.dll
0x00007ff85de90000 - 0x00007ff85deed000 	C:\WINDOWS\system32\XunYouNt64.dll
0x00007ff866150000 - 0x00007ff86616a000 	C:\WINDOWS\SYSTEM32\dhcpcsvc.DLL
0x00007ff864c30000 - 0x00007ff864c3a000 	C:\Windows\System32\rasadhlp.dll
0x00007ff865470000 - 0x00007ff8654e2000 	C:\WINDOWS\System32\fwpuclnt.dll
0x00007ff86b730000 - 0x00007ff86b755000 	C:\WINDOWS\SYSTEM32\bcrypt.dll
0x0000000073330000 - 0x0000000073341000 	D:\java\jdk\jre\bin\nio.dll
0x00007ff86b9a0000 - 0x00007ff86b9b7000 	C:\WINDOWS\SYSTEM32\CRYPTSP.dll
0x00007ff86ac80000 - 0x00007ff86acb3000 	C:\WINDOWS\system32\rsaenh.dll
0x00007ff86bba0000 - 0x00007ff86bbc8000 	C:\WINDOWS\SYSTEM32\USERENV.dll
0x00007ff86b240000 - 0x00007ff86b24b000 	C:\WINDOWS\SYSTEM32\CRYPTBASE.dll
0x00007ff866090000 - 0x00007ff8660a6000 	C:\WINDOWS\SYSTEM32\dhcpcsvc6.DLL
0x00007ff86b7d0000 - 0x00007ff86b999000 	C:\WINDOWS\SYSTEM32\dbghelp.dll

VM Arguments:
jvm_args: -Dfile.encoding=UTF-8 
java_command: com.springboot.bookstore.BookStoreApplication
java_class_path (initial): C:\Users\SimonLiang\git\bookstore\target\classes;D:\maven-repository\org\springframework\boot\spring-boot-starter-web\1.5.6.RELEASE\spring-boot-starter-web-1.5.6.RELEASE.jar;D:\maven-repository\org\springframework\boot\spring-boot-starter\1.5.6.RELEASE\spring-boot-starter-1.5.6.RELEASE.jar;D:\maven-repository\org\springframework\boot\spring-boot-starter-logging\1.5.6.RELEASE\spring-boot-starter-logging-1.5.6.RELEASE.jar;D:\maven-repository\ch\qos\logback\logback-classic\1.1.11\logback-classic-1.1.11.jar;D:\maven-repository\ch\qos\logback\logback-core\1.1.11\logback-core-1.1.11.jar;D:\maven-repository\org\slf4j\jcl-over-slf4j\1.7.25\jcl-over-slf4j-1.7.25.jar;D:\maven-repository\org\slf4j\jul-to-slf4j\1.7.25\jul-to-slf4j-1.7.25.jar;D:\maven-repository\org\slf4j\log4j-over-slf4j\1.7.25\log4j-over-slf4j-1.7.25.jar;D:\maven-repository\org\springframework\spring-core\4.3.10.RELEASE\spring-core-4.3.10.RELEASE.jar;D:\maven-repository\org\yaml\snakeyaml\1.17\snakeyaml-1.17.jar;D:\maven-repository\org\springframework\boot\spring-boot-starter-tomcat\1.5.6.RELEASE\spring-boot-starter-tomcat-1.5.6.RELEASE.jar;D:\maven-repository\org\apache\tomcat\embed\tomcat-embed-core\8.5.16\tomcat-embed-core-8.5.16.jar;D:\maven-repository\org\apache\tomcat\embed\tomcat-embed-el\8.5.16\tomcat-embed-el-8.5.16.jar;D:\maven-repository\org\apache\tomcat\embed\tomcat-embed-websocket\8.5.16\tomcat-embed-websocket-8.5.16.jar;D:\maven-repository\org\hibernate\hibernate-validator\5.3.5.Final\hibernate-validator-5.3.5.Final.jar;D:\maven-repository\javax\validation\validation-api\1.1.0.Final\validation-api-1.1.0.Final.jar;D:\maven-repository\org\jboss\logging\jboss-logging\3.3.1.Final\jboss-logging-3.3.1.Final.jar;D:\maven-repository\com\fasterxml\classmate\1.3.3\classmate-1.3.3.jar;D:\maven-repository\com\fasterxml\jackson\core\jackson-databind\2.8.9\jackson-databind-2.8.9.jar;D:\maven-repository\com\fasterxml\jackson\core\jackson-annotations\2.8.0\jackson-annotations-2.8.0.
Launcher Type: SUN_STANDARD

Environment Variables:
JAVA_HOME=D:\java\jdk
PATH=D:/java/jdk/bin/../jre/bin/server;D:/java/jdk/bin/../jre/bin;D:/java/jdk/bin/../jre/lib/amd64;D:\maven\apache-maven-3.5.4-bin\apache-maven-3.5.4\bin;D:\java\jdk\bin;D:\java\jdk\jre\bin;C:\Program Files (x86)\Common Files\Oracle\Java\javapath;C:\WINDOWS\system32;C:\WINDOWS;C:\WINDOWS\System32\Wbem;C:\WINDOWS\System32\WindowsPowerShell\v1.0\;C:\WINDOWS\System32\OpenSSH\;C:\Program Files (x86)\NVIDIA Corporation\PhysX\Common;E:\git\Git\cmd;C:\Users\SimonLiang\AppData\Local\Microsoft\WindowsApps;;F:\eclipse\eclipse-jee-2018-09-win32-x86_64\eclipse;
USERNAME=SimonLiang
OS=Windows_NT
PROCESSOR_IDENTIFIER=AMD64 Family 23 Model 1 Stepping 1, AuthenticAMD



---------------  S Y S T E M  ---------------

OS: Windows 10.0 , 64 bit Build 17134 (10.0.17134.1)

CPU:total 12 (initial active 12) (12 cores per cpu, 1 threads per core) family 23 model 1 stepping 1, cmov, cx8, fxsr, mmx, sse, sse2, sse3, ssse3, sse4.1, sse4.2, popcnt, avx, avx2, aes, clmul, mmxext, 3dnowpref, lzcnt, sse4a, tsc, tscinvbit, tscinv, bmi1

Memory: 4k page, physical 8338600k(2521600k free), swap 11135396k(2565876k free)

vm_info: Java HotSpot(TM) 64-Bit Server VM (25.181-b13) for windows-amd64 JRE (1.8.0_181-b13), built on Jul  7 2018 04:01:33 by "java_re" with MS VC++ 10.0 (VS2010)

time: Tue Apr 23 22:33:03 2019
elapsed time: 3 seconds (0d 0h 0m 3s)

